Index: 11
Time: 0.00 minutes
Index: 16
Time: 0.00 minutes
Index: 3
Time: 0.00 minutes
Index: 14
Time: 0.00 minutes
Index: 6
Time: 0.00 minutes
Index: 2
Time: 0.00 minutes
Index: 8
Time: 0.00 minutes
Index: 15
Time: 0.00 minutes
Index: 1
Time: 0.00 minutes
Index: 10
Time: 0.00 minutes
Index: 7
Time: 0.00 minutes
Index: 13
Time: 0.00 minutes
Index: 12
Time: 0.00 minutes
Index: 5
Time: 0.00 minutes
Index: 9
Time: 0.00 minutes
Index: 4
Time: 0.00 minutes
Executing stage: FlexZBoostInformer @ 2024-06-05 17:05:56.460855
Executing stage: FlexZBoostInformer @ 2024-06-05 17:05:56.676934
Executing stage: FlexZBoostInformer @ 2024-06-05 17:05:57.354852
Executing stage: FlexZBoostInformer @ 2024-06-05 17:05:58.395687
Inserting handle into data store.  input_data: /pscratch/sd/y/yhzhang/ZCloud//DATA/SAMPLE/TRAIN_SAMPLE1.hdf5, FZB_INFORM1
Inserting handle into data store.  input_data: /pscratch/sd/y/yhzhang/ZCloud//DATA/SAMPLE/TRAIN_SAMPLE16.hdf5, FZB_INFORM16
Executing stage: FlexZBoostInformer @ 2024-06-05 17:06:05.064839
Inserting handle into data store.  input_data: /pscratch/sd/y/yhzhang/ZCloud//DATA/SAMPLE/TRAIN_SAMPLE12.hdf5, FZB_INFORM12
stacking some data...
stacking some data...
read in training data
fit the model...
read in training data
fit the model...
stacking some data...
read in training data
fit the model...
Inserting handle into data store.  input_data: /pscratch/sd/y/yhzhang/ZCloud//DATA/SAMPLE/TRAIN_SAMPLE6.hdf5, FZB_INFORM6
stacking some data...
read in training data
fit the model...
Executing stage: FlexZBoostInformer @ 2024-06-05 17:06:10.923218
Executing stage: FlexZBoostInformer @ 2024-06-05 17:06:11.443454
Executing stage: FlexZBoostInformer @ 2024-06-05 17:06:11.938829
Executing stage: FlexZBoostInformer @ 2024-06-05 17:06:12.011615
Executing stage: FlexZBoostInformer @ 2024-06-05 17:06:12.812137
Executing stage: FlexZBoostInformer @ 2024-06-05 17:06:13.673552
Executing stage: FlexZBoostInformer @ 2024-06-05 17:06:13.809579
Executing stage: FlexZBoostInformer @ 2024-06-05 17:06:13.905452
Executing stage: FlexZBoostInformer @ 2024-06-05 17:06:14.458034
Executing stage: FlexZBoostInformer @ 2024-06-05 17:06:15.031666
Inserting handle into data store.  input_data: /pscratch/sd/y/yhzhang/ZCloud//DATA/SAMPLE/TRAIN_SAMPLE13.hdf5, FZB_INFORM13
stacking some data...
read in training data
fit the model...
Executing stage: FlexZBoostInformer @ 2024-06-05 17:06:17.771196
Inserting handle into data store.  input_data: /pscratch/sd/y/yhzhang/ZCloud//DATA/SAMPLE/TRAIN_SAMPLE9.hdf5, FZB_INFORM9
Inserting handle into data store.  input_data: /pscratch/sd/y/yhzhang/ZCloud//DATA/SAMPLE/TRAIN_SAMPLE10.hdf5, FZB_INFORM10
stacking some data...
read in training data
fit the model...
Inserting handle into data store.  input_data: /pscratch/sd/y/yhzhang/ZCloud//DATA/SAMPLE/TRAIN_SAMPLE11.hdf5, FZB_INFORM11
stacking some data...
read in training data
fit the model...
stacking some data...
read in training data
fit the model...
Inserting handle into data store.  input_data: /pscratch/sd/y/yhzhang/ZCloud//DATA/SAMPLE/TRAIN_SAMPLE3.hdf5, FZB_INFORM3
Inserting handle into data store.  input_data: /pscratch/sd/y/yhzhang/ZCloud//DATA/SAMPLE/TRAIN_SAMPLE5.hdf5, FZB_INFORM5
stacking some data...
read in training data
fit the model...
Inserting handle into data store.  input_data: /pscratch/sd/y/yhzhang/ZCloud//DATA/SAMPLE/TRAIN_SAMPLE7.hdf5, FZB_INFORM7
stacking some data...
read in training data
fit the model...
stacking some data...
read in training data
fit the model...
Inserting handle into data store.  input_data: /pscratch/sd/y/yhzhang/ZCloud//DATA/SAMPLE/TRAIN_SAMPLE4.hdf5, FZB_INFORM4
Inserting handle into data store.  input_data: /pscratch/sd/y/yhzhang/ZCloud//DATA/SAMPLE/TRAIN_SAMPLE2.hdf5, FZB_INFORM2
stacking some data...
read in training data
fit the model...
stacking some data...
read in training data
fit the model...
Inserting handle into data store.  input_data: /pscratch/sd/y/yhzhang/ZCloud//DATA/SAMPLE/TRAIN_SAMPLE15.hdf5, FZB_INFORM15
stacking some data...
read in training data
fit the model...
Inserting handle into data store.  input_data: /pscratch/sd/y/yhzhang/ZCloud//DATA/SAMPLE/TRAIN_SAMPLE14.hdf5, FZB_INFORM14
stacking some data...
read in training data
fit the model...
Inserting handle into data store.  input_data: /pscratch/sd/y/yhzhang/ZCloud//DATA/SAMPLE/TRAIN_SAMPLE8.hdf5, FZB_INFORM8
stacking some data...
read in training data
fit the model...
finding best bump thresh...
finding best bump thresh...
finding best bump thresh...
finding best bump thresh...
finding best bump thresh...
finding best bump thresh...
finding best bump thresh...
finding best bump thresh...
finding best bump thresh...
finding best bump thresh...
finding best bump thresh...
finding best bump thresh...
finding best bump thresh...
finding best bump thresh...
finding best bump thresh...
finding best bump thresh...
finding best sharpen parameter...
finding best sharpen parameter...
finding best sharpen parameter...
finding best sharpen parameter...
finding best sharpen parameter...
finding best sharpen parameter...
finding best sharpen parameter...
finding best sharpen parameter...
finding best sharpen parameter...
finding best sharpen parameter...
finding best sharpen parameter...
finding best sharpen parameter...
finding best sharpen parameter...
finding best sharpen parameter...
finding best sharpen parameter...
finding best sharpen parameter...
