Index: 5
Index: 7
Index: 2
Index: 3
Index: 4
Index: 6
Index: 1
Index: 8
stacking some data...
read in training data
fit the model...
stacking some data...
read in training data
fit the model...
stacking some data...
read in training data
fit the model...
stacking some data...
read in training data
fit the model...
stacking some data...
stacking some data...
read in training data
fit the model...
read in training data
fit the model...
stacking some data...
read in training data
fit the model...
stacking some data...
read in training data
fit the model...
finding best bump thresh...
finding best bump thresh...
finding best bump thresh...
finding best bump thresh...
finding best bump thresh...
finding best bump thresh...
finding best bump thresh...
finding best bump thresh...
finding best sharpen parameter...
finding best sharpen parameter...
finding best sharpen parameter...
finding best sharpen parameter...
finding best sharpen parameter...
finding best sharpen parameter...
finding best sharpen parameter...
finding best sharpen parameter...
Retraining with full training set...
Retraining with full training set...
Retraining with full training set...
Retraining with full training set...
Retraining with full training set...
Retraining with full training set...
Retraining with full training set...
Retraining with full training set...
Inserting handle into data store.  model_FZB_INFORM1: /pscratch/sd/y/yhzhang/ZCloud/DATA/MODEL/inprogress_INFORM1.hdf5, FZB_INFORM1
Inserting handle into data store.  model_FZB_INFORM2: /pscratch/sd/y/yhzhang/ZCloud/DATA/MODEL/inprogress_INFORM2.hdf5, FZB_INFORM2
Inserting handle into data store.  model_FZB_INFORM8: /pscratch/sd/y/yhzhang/ZCloud/DATA/MODEL/inprogress_INFORM8.hdf5, FZB_INFORM8
Inserting handle into data store.  model_FZB_INFORM3: /pscratch/sd/y/yhzhang/ZCloud/DATA/MODEL/inprogress_INFORM3.hdf5, FZB_INFORM3
Inserting handle into data store.  model_FZB_INFORM4: /pscratch/sd/y/yhzhang/ZCloud/DATA/MODEL/inprogress_INFORM4.hdf5, FZB_INFORM4
Inserting handle into data store.  model_FZB_INFORM7: /pscratch/sd/y/yhzhang/ZCloud/DATA/MODEL/inprogress_INFORM7.hdf5, FZB_INFORM7
Inserting handle into data store.  model_FZB_INFORM5: /pscratch/sd/y/yhzhang/ZCloud/DATA/MODEL/inprogress_INFORM5.hdf5, FZB_INFORM5
Inserting handle into data store.  model_FZB_INFORM6: /pscratch/sd/y/yhzhang/ZCloud/DATA/MODEL/inprogress_INFORM6.hdf5, FZB_INFORM6
Process 5 running estimator on chunk 0 - 250000
Process 4 running estimator on chunk 0 - 250000
Process 5 estimating PZ PDF for rows 0 - 250,000
Process 4 estimating PZ PDF for rows 0 - 250,000
Process 6 running estimator on chunk 0 - 250000
Process 6 estimating PZ PDF for rows 0 - 250,000
Process 1 running estimator on chunk 0 - 250000
Process 3 running estimator on chunk 0 - 250000
Process 1 estimating PZ PDF for rows 0 - 250,000
Process 3 estimating PZ PDF for rows 0 - 250,000
Process 7 running estimator on chunk 0 - 250000
Process 7 estimating PZ PDF for rows 0 - 250,000
Process 2 running estimator on chunk 0 - 250000
Process 2 estimating PZ PDF for rows 0 - 250,000
Process 0 running estimator on chunk 0 - 250000
Process 0 estimating PZ PDF for rows 0 - 250,000
Inserting handle into data store.  output_FZB_ESTIMATE2: /pscratch/sd/y/yhzhang/ZCloud/DATA/MODEL/inprogress_ESTIMATE2.hdf5, FZB_ESTIMATE2
Inserting handle into data store.  output_FZB_ESTIMATE8: /pscratch/sd/y/yhzhang/ZCloud/DATA/MODEL/inprogress_ESTIMATE8.hdf5, FZB_ESTIMATE8
Inserting handle into data store.  output_FZB_ESTIMATE3: /pscratch/sd/y/yhzhang/ZCloud/DATA/MODEL/inprogress_ESTIMATE3.hdf5, FZB_ESTIMATE3
Inserting handle into data store.  output_FZB_ESTIMATE5: /pscratch/sd/y/yhzhang/ZCloud/DATA/MODEL/inprogress_ESTIMATE5.hdf5, FZB_ESTIMATE5
Inserting handle into data store.  output_FZB_ESTIMATE4: /pscratch/sd/y/yhzhang/ZCloud/DATA/MODEL/inprogress_ESTIMATE4.hdf5, FZB_ESTIMATE4
Inserting handle into data store.  output_FZB_ESTIMATE7: /pscratch/sd/y/yhzhang/ZCloud/DATA/MODEL/inprogress_ESTIMATE7.hdf5, FZB_ESTIMATE7
Inserting handle into data store.  output_FZB_ESTIMATE1: /pscratch/sd/y/yhzhang/ZCloud/DATA/MODEL/inprogress_ESTIMATE1.hdf5, FZB_ESTIMATE1
Inserting handle into data store.  output_FZB_ESTIMATE6: /pscratch/sd/y/yhzhang/ZCloud/DATA/MODEL/inprogress_ESTIMATE6.hdf5, FZB_ESTIMATE6
Traceback (most recent call last):
  File "/pscratch/sd/y/yhzhang/ZCloud/FILE/MODEL/MODEL.py", line 87, in <module>
Traceback (most recent call last):
  File "/pscratch/sd/y/yhzhang/ZCloud/FILE/MODEL/MODEL.py", line 87, in <module>
Traceback (most recent call last):
  File "/pscratch/sd/y/yhzhang/ZCloud/FILE/MODEL/MODEL.py", line 87, in <module>
Traceback (most recent call last):
  File "/pscratch/sd/y/yhzhang/ZCloud/FILE/MODEL/MODEL.py", line 87, in <module>
Traceback (most recent call last):
  File "/pscratch/sd/y/yhzhang/ZCloud/FILE/MODEL/MODEL.py", line 87, in <module>
Traceback (most recent call last):
  File "/pscratch/sd/y/yhzhang/ZCloud/FILE/MODEL/MODEL.py", line 87, in <module>
Traceback (most recent call last):
  File "/pscratch/sd/y/yhzhang/ZCloud/FILE/MODEL/MODEL.py", line 87, in <module>
Traceback (most recent call last):
  File "/pscratch/sd/y/yhzhang/ZCloud/FILE/MODEL/MODEL.py", line 87, in <module>
    RESULT[INDEX] = main(COMM, PATH, INDEX)
  File "/pscratch/sd/y/yhzhang/ZCloud/FILE/MODEL/MODEL.py", line 63, in main
    RESULT[INDEX] = main(COMM, PATH, INDEX)
  File "/pscratch/sd/y/yhzhang/ZCloud/FILE/MODEL/MODEL.py", line 63, in main
    RESULT[INDEX] = main(COMM, PATH, INDEX)
  File "/pscratch/sd/y/yhzhang/ZCloud/FILE/MODEL/MODEL.py", line 63, in main
    RESULT[INDEX] = main(COMM, PATH, INDEX)
  File "/pscratch/sd/y/yhzhang/ZCloud/FILE/MODEL/MODEL.py", line 63, in main
    RESULT[INDEX] = main(COMM, PATH, INDEX)
    RESULT[INDEX] = main(COMM, PATH, INDEX)
  File "/pscratch/sd/y/yhzhang/ZCloud/FILE/MODEL/MODEL.py", line 63, in main
  File "/pscratch/sd/y/yhzhang/ZCloud/FILE/MODEL/MODEL.py", line 63, in main
    RESULT[INDEX] = main(COMM, PATH, INDEX)
  File "/pscratch/sd/y/yhzhang/ZCloud/FILE/MODEL/MODEL.py", line 63, in main
    RESULT[INDEX] = main(COMM, PATH, INDEX)
  File "/pscratch/sd/y/yhzhang/ZCloud/FILE/MODEL/MODEL.py", line 63, in main
    fzb_estimator = fzb_estimate.estimate(test_data)
  File "/global/homes/y/yhzhang/.conda/envs/RAILConda/lib/python3.10/site-packages/rail/estimation/estimator.py", line 97, in estimate
    fzb_estimator = fzb_estimate.estimate(test_data)
  File "/global/homes/y/yhzhang/.conda/envs/RAILConda/lib/python3.10/site-packages/rail/estimation/estimator.py", line 97, in estimate
    fzb_estimator = fzb_estimate.estimate(test_data)
  File "/global/homes/y/yhzhang/.conda/envs/RAILConda/lib/python3.10/site-packages/rail/estimation/estimator.py", line 97, in estimate
    fzb_estimator = fzb_estimate.estimate(test_data)
  File "/global/homes/y/yhzhang/.conda/envs/RAILConda/lib/python3.10/site-packages/rail/estimation/estimator.py", line 97, in estimate
    fzb_estimator = fzb_estimate.estimate(test_data)
  File "/global/homes/y/yhzhang/.conda/envs/RAILConda/lib/python3.10/site-packages/rail/estimation/estimator.py", line 97, in estimate
    fzb_estimator = fzb_estimate.estimate(test_data)
  File "/global/homes/y/yhzhang/.conda/envs/RAILConda/lib/python3.10/site-packages/rail/estimation/estimator.py", line 97, in estimate
    fzb_estimator = fzb_estimate.estimate(test_data)
  File "/global/homes/y/yhzhang/.conda/envs/RAILConda/lib/python3.10/site-packages/rail/estimation/estimator.py", line 97, in estimate
    fzb_estimator = fzb_estimate.estimate(test_data)
  File "/global/homes/y/yhzhang/.conda/envs/RAILConda/lib/python3.10/site-packages/rail/estimation/estimator.py", line 97, in estimate
    self.run()
  File "/global/homes/y/yhzhang/.conda/envs/RAILConda/lib/python3.10/site-packages/rail/estimation/estimator.py", line 110, in run
    self.run()
  File "/global/homes/y/yhzhang/.conda/envs/RAILConda/lib/python3.10/site-packages/rail/estimation/estimator.py", line 110, in run
    self.run()
  File "/global/homes/y/yhzhang/.conda/envs/RAILConda/lib/python3.10/site-packages/rail/estimation/estimator.py", line 110, in run
    self.run()
  File "/global/homes/y/yhzhang/.conda/envs/RAILConda/lib/python3.10/site-packages/rail/estimation/estimator.py", line 110, in run
    self.run()
  File "/global/homes/y/yhzhang/.conda/envs/RAILConda/lib/python3.10/site-packages/rail/estimation/estimator.py", line 110, in run
    self.run()
  File "/global/homes/y/yhzhang/.conda/envs/RAILConda/lib/python3.10/site-packages/rail/estimation/estimator.py", line 110, in run
    self.run()
  File "/global/homes/y/yhzhang/.conda/envs/RAILConda/lib/python3.10/site-packages/rail/estimation/estimator.py", line 110, in run
    self.run()
  File "/global/homes/y/yhzhang/.conda/envs/RAILConda/lib/python3.10/site-packages/rail/estimation/estimator.py", line 110, in run
    self._process_chunk(s, e, test_data, first)
  File "/global/homes/y/yhzhang/.conda/envs/RAILConda/lib/python3.10/site-packages/rail/estimation/algos/flexzboost.py", line 287, in _process_chunk
    self._process_chunk(s, e, test_data, first)
  File "/global/homes/y/yhzhang/.conda/envs/RAILConda/lib/python3.10/site-packages/rail/estimation/algos/flexzboost.py", line 287, in _process_chunk
    self._process_chunk(s, e, test_data, first)
  File "/global/homes/y/yhzhang/.conda/envs/RAILConda/lib/python3.10/site-packages/rail/estimation/algos/flexzboost.py", line 287, in _process_chunk
    self._process_chunk(s, e, test_data, first)
  File "/global/homes/y/yhzhang/.conda/envs/RAILConda/lib/python3.10/site-packages/rail/estimation/algos/flexzboost.py", line 287, in _process_chunk
    self._process_chunk(s, e, test_data, first)
  File "/global/homes/y/yhzhang/.conda/envs/RAILConda/lib/python3.10/site-packages/rail/estimation/algos/flexzboost.py", line 287, in _process_chunk
    self._process_chunk(s, e, test_data, first)
  File "/global/homes/y/yhzhang/.conda/envs/RAILConda/lib/python3.10/site-packages/rail/estimation/algos/flexzboost.py", line 287, in _process_chunk
    self._process_chunk(s, e, test_data, first)
  File "/global/homes/y/yhzhang/.conda/envs/RAILConda/lib/python3.10/site-packages/rail/estimation/algos/flexzboost.py", line 287, in _process_chunk
    self._process_chunk(s, e, test_data, first)
  File "/global/homes/y/yhzhang/.conda/envs/RAILConda/lib/python3.10/site-packages/rail/estimation/algos/flexzboost.py", line 287, in _process_chunk
    self._do_chunk_output(qp_dstn, start, end, first)
  File "/global/homes/y/yhzhang/.conda/envs/RAILConda/lib/python3.10/site-packages/rail/estimation/estimator.py", line 132, in _do_chunk_output
    self._do_chunk_output(qp_dstn, start, end, first)
    self._do_chunk_output(qp_dstn, start, end, first)
  File "/global/homes/y/yhzhang/.conda/envs/RAILConda/lib/python3.10/site-packages/rail/estimation/estimator.py", line 132, in _do_chunk_output
  File "/global/homes/y/yhzhang/.conda/envs/RAILConda/lib/python3.10/site-packages/rail/estimation/estimator.py", line 132, in _do_chunk_output
    self._do_chunk_output(qp_dstn, start, end, first)
  File "/global/homes/y/yhzhang/.conda/envs/RAILConda/lib/python3.10/site-packages/rail/estimation/estimator.py", line 132, in _do_chunk_output
    self._do_chunk_output(qp_dstn, start, end, first)
  File "/global/homes/y/yhzhang/.conda/envs/RAILConda/lib/python3.10/site-packages/rail/estimation/estimator.py", line 132, in _do_chunk_output
    self._do_chunk_output(qp_dstn, start, end, first)
  File "/global/homes/y/yhzhang/.conda/envs/RAILConda/lib/python3.10/site-packages/rail/estimation/estimator.py", line 132, in _do_chunk_output
    self._do_chunk_output(qp_dstn, start, end, first)
  File "/global/homes/y/yhzhang/.conda/envs/RAILConda/lib/python3.10/site-packages/rail/estimation/estimator.py", line 132, in _do_chunk_output
    self._output_handle.initialize_write(
  File "/global/homes/y/yhzhang/.conda/envs/RAILConda/lib/python3.10/site-packages/rail/core/data.py", line 122, in initialize_write
    self._output_handle.initialize_write(
  File "/global/homes/y/yhzhang/.conda/envs/RAILConda/lib/python3.10/site-packages/rail/core/data.py", line 122, in initialize_write
    self._output_handle.initialize_write(
  File "/global/homes/y/yhzhang/.conda/envs/RAILConda/lib/python3.10/site-packages/rail/core/data.py", line 122, in initialize_write
    self._output_handle.initialize_write(
  File "/global/homes/y/yhzhang/.conda/envs/RAILConda/lib/python3.10/site-packages/rail/core/data.py", line 122, in initialize_write
    self._output_handle.initialize_write(
  File "/global/homes/y/yhzhang/.conda/envs/RAILConda/lib/python3.10/site-packages/rail/core/data.py", line 122, in initialize_write
    self._output_handle.initialize_write(
  File "/global/homes/y/yhzhang/.conda/envs/RAILConda/lib/python3.10/site-packages/rail/core/data.py", line 122, in initialize_write
    self._output_handle.initialize_write(
  File "/global/homes/y/yhzhang/.conda/envs/RAILConda/lib/python3.10/site-packages/rail/core/data.py", line 122, in initialize_write
    self.groups, self.fileObj = self._initialize_write(
  File "/global/homes/y/yhzhang/.conda/envs/RAILConda/lib/python3.10/site-packages/rail/core/data.py", line 403, in _initialize_write
    self.groups, self.fileObj = self._initialize_write(
  File "/global/homes/y/yhzhang/.conda/envs/RAILConda/lib/python3.10/site-packages/rail/core/data.py", line 403, in _initialize_write
    self.groups, self.fileObj = self._initialize_write(
  File "/global/homes/y/yhzhang/.conda/envs/RAILConda/lib/python3.10/site-packages/rail/core/data.py", line 403, in _initialize_write
    self.groups, self.fileObj = self._initialize_write(
  File "/global/homes/y/yhzhang/.conda/envs/RAILConda/lib/python3.10/site-packages/rail/core/data.py", line 403, in _initialize_write
    self.groups, self.fileObj = self._initialize_write(
  File "/global/homes/y/yhzhang/.conda/envs/RAILConda/lib/python3.10/site-packages/rail/core/data.py", line 403, in _initialize_write
    self.groups, self.fileObj = self._initialize_write(
  File "/global/homes/y/yhzhang/.conda/envs/RAILConda/lib/python3.10/site-packages/rail/core/data.py", line 403, in _initialize_write
    self.groups, self.fileObj = self._initialize_write(
  File "/global/homes/y/yhzhang/.conda/envs/RAILConda/lib/python3.10/site-packages/rail/core/data.py", line 403, in _initialize_write
    return data.initializeHdf5Write(path, data_length, comm)
  File "/global/homes/y/yhzhang/.conda/envs/RAILConda/lib/python3.10/site-packages/qp/ensemble.py", line 659, in initializeHdf5Write
    return data.initializeHdf5Write(path, data_length, comm)
  File "/global/homes/y/yhzhang/.conda/envs/RAILConda/lib/python3.10/site-packages/qp/ensemble.py", line 659, in initializeHdf5Write
    return data.initializeHdf5Write(path, data_length, comm)
  File "/global/homes/y/yhzhang/.conda/envs/RAILConda/lib/python3.10/site-packages/qp/ensemble.py", line 659, in initializeHdf5Write
    return data.initializeHdf5Write(path, data_length, comm)
  File "/global/homes/y/yhzhang/.conda/envs/RAILConda/lib/python3.10/site-packages/qp/ensemble.py", line 659, in initializeHdf5Write
    return data.initializeHdf5Write(path, data_length, comm)
  File "/global/homes/y/yhzhang/.conda/envs/RAILConda/lib/python3.10/site-packages/qp/ensemble.py", line 659, in initializeHdf5Write
    return data.initializeHdf5Write(path, data_length, comm)
  File "/global/homes/y/yhzhang/.conda/envs/RAILConda/lib/python3.10/site-packages/qp/ensemble.py", line 659, in initializeHdf5Write
    group, fout = io.initializeHdf5Write(filename, comm=comm, **kwds)
  File "/global/homes/y/yhzhang/.conda/envs/RAILConda/lib/python3.10/site-packages/tables_io/ioUtils.py", line 192, in initializeHdf5Write
    group, fout = io.initializeHdf5Write(filename, comm=comm, **kwds)
  File "/global/homes/y/yhzhang/.conda/envs/RAILConda/lib/python3.10/site-packages/tables_io/ioUtils.py", line 192, in initializeHdf5Write
    group, fout = io.initializeHdf5Write(filename, comm=comm, **kwds)
  File "/global/homes/y/yhzhang/.conda/envs/RAILConda/lib/python3.10/site-packages/tables_io/ioUtils.py", line 192, in initializeHdf5Write
    group, fout = io.initializeHdf5Write(filename, comm=comm, **kwds)
  File "/global/homes/y/yhzhang/.conda/envs/RAILConda/lib/python3.10/site-packages/tables_io/ioUtils.py", line 192, in initializeHdf5Write
    group, fout = io.initializeHdf5Write(filename, comm=comm, **kwds)
  File "/global/homes/y/yhzhang/.conda/envs/RAILConda/lib/python3.10/site-packages/tables_io/ioUtils.py", line 192, in initializeHdf5Write
    group, fout = io.initializeHdf5Write(filename, comm=comm, **kwds)
  File "/global/homes/y/yhzhang/.conda/envs/RAILConda/lib/python3.10/site-packages/tables_io/ioUtils.py", line 192, in initializeHdf5Write
    outf = h5py.File(filepath, "w", driver="mpio", comm=comm)
  File "/global/homes/y/yhzhang/.conda/envs/RAILConda/lib/python3.10/site-packages/h5py/_hl/files.py", line 562, in __init__
    outf = h5py.File(filepath, "w", driver="mpio", comm=comm)
  File "/global/homes/y/yhzhang/.conda/envs/RAILConda/lib/python3.10/site-packages/h5py/_hl/files.py", line 562, in __init__
    outf = h5py.File(filepath, "w", driver="mpio", comm=comm)
  File "/global/homes/y/yhzhang/.conda/envs/RAILConda/lib/python3.10/site-packages/h5py/_hl/files.py", line 562, in __init__
    outf = h5py.File(filepath, "w", driver="mpio", comm=comm)
  File "/global/homes/y/yhzhang/.conda/envs/RAILConda/lib/python3.10/site-packages/h5py/_hl/files.py", line 562, in __init__
    outf = h5py.File(filepath, "w", driver="mpio", comm=comm)
  File "/global/homes/y/yhzhang/.conda/envs/RAILConda/lib/python3.10/site-packages/h5py/_hl/files.py", line 562, in __init__
    outf = h5py.File(filepath, "w", driver="mpio", comm=comm)
  File "/global/homes/y/yhzhang/.conda/envs/RAILConda/lib/python3.10/site-packages/h5py/_hl/files.py", line 562, in __init__
    return data.initializeHdf5Write(path, data_length, comm)
  File "/global/homes/y/yhzhang/.conda/envs/RAILConda/lib/python3.10/site-packages/qp/ensemble.py", line 659, in initializeHdf5Write
    group, fout = io.initializeHdf5Write(filename, comm=comm, **kwds)
  File "/global/homes/y/yhzhang/.conda/envs/RAILConda/lib/python3.10/site-packages/tables_io/ioUtils.py", line 192, in initializeHdf5Write
    fid = make_fid(name, mode, userblock_size, fapl, fcpl, swmr=swmr)
  File "/global/homes/y/yhzhang/.conda/envs/RAILConda/lib/python3.10/site-packages/h5py/_hl/files.py", line 241, in make_fid
    fid = make_fid(name, mode, userblock_size, fapl, fcpl, swmr=swmr)
  File "/global/homes/y/yhzhang/.conda/envs/RAILConda/lib/python3.10/site-packages/h5py/_hl/files.py", line 241, in make_fid
    fid = make_fid(name, mode, userblock_size, fapl, fcpl, swmr=swmr)
  File "/global/homes/y/yhzhang/.conda/envs/RAILConda/lib/python3.10/site-packages/h5py/_hl/files.py", line 241, in make_fid
    fid = make_fid(name, mode, userblock_size, fapl, fcpl, swmr=swmr)
  File "/global/homes/y/yhzhang/.conda/envs/RAILConda/lib/python3.10/site-packages/h5py/_hl/files.py", line 241, in make_fid
    fid = make_fid(name, mode, userblock_size, fapl, fcpl, swmr=swmr)
  File "/global/homes/y/yhzhang/.conda/envs/RAILConda/lib/python3.10/site-packages/h5py/_hl/files.py", line 241, in make_fid
    fid = make_fid(name, mode, userblock_size, fapl, fcpl, swmr=swmr)
  File "/global/homes/y/yhzhang/.conda/envs/RAILConda/lib/python3.10/site-packages/h5py/_hl/files.py", line 241, in make_fid
    outf = h5py.File(filepath, "w", driver="mpio", comm=comm)
  File "/global/homes/y/yhzhang/.conda/envs/RAILConda/lib/python3.10/site-packages/h5py/_hl/files.py", line 562, in __init__
    fid = h5f.create(name, h5f.ACC_TRUNC, fapl=fapl, fcpl=fcpl)
  File "h5py/_objects.pyx", line 54, in h5py._objects.with_phil.wrapper
    fid = h5f.create(name, h5f.ACC_TRUNC, fapl=fapl, fcpl=fcpl)
  File "h5py/_objects.pyx", line 54, in h5py._objects.with_phil.wrapper
    fid = h5f.create(name, h5f.ACC_TRUNC, fapl=fapl, fcpl=fcpl)
  File "h5py/_objects.pyx", line 54, in h5py._objects.with_phil.wrapper
    fid = h5f.create(name, h5f.ACC_TRUNC, fapl=fapl, fcpl=fcpl)
  File "h5py/_objects.pyx", line 54, in h5py._objects.with_phil.wrapper
    fid = h5f.create(name, h5f.ACC_TRUNC, fapl=fapl, fcpl=fcpl)
  File "h5py/_objects.pyx", line 54, in h5py._objects.with_phil.wrapper
    fid = h5f.create(name, h5f.ACC_TRUNC, fapl=fapl, fcpl=fcpl)
  File "h5py/_objects.pyx", line 54, in h5py._objects.with_phil.wrapper
    fid = make_fid(name, mode, userblock_size, fapl, fcpl, swmr=swmr)
  File "/global/homes/y/yhzhang/.conda/envs/RAILConda/lib/python3.10/site-packages/h5py/_hl/files.py", line 241, in make_fid
    fid = h5f.create(name, h5f.ACC_TRUNC, fapl=fapl, fcpl=fcpl)
  File "h5py/_objects.pyx", line 54, in h5py._objects.with_phil.wrapper
  File "h5py/_objects.pyx", line 55, in h5py._objects.with_phil.wrapper
  File "h5py/_objects.pyx", line 55, in h5py._objects.with_phil.wrapper
  File "h5py/_objects.pyx", line 55, in h5py._objects.with_phil.wrapper
  File "h5py/_objects.pyx", line 55, in h5py._objects.with_phil.wrapper
  File "h5py/_objects.pyx", line 55, in h5py._objects.with_phil.wrapper
  File "h5py/_objects.pyx", line 55, in h5py._objects.with_phil.wrapper
  File "h5py/_objects.pyx", line 55, in h5py._objects.with_phil.wrapper
  File "h5py/h5f.pyx", line 122, in h5py.h5f.create
  File "h5py/h5f.pyx", line 122, in h5py.h5f.create
  File "h5py/h5f.pyx", line 122, in h5py.h5f.create
  File "h5py/h5f.pyx", line 122, in h5py.h5f.create
  File "h5py/h5f.pyx", line 122, in h5py.h5f.create
  File "h5py/h5f.pyx", line 122, in h5py.h5f.create
  File "h5py/h5f.pyx", line 122, in h5py.h5f.create
OSError: Unable to create file (MPI_File_open failed: MPI error string is 'File does not exist, error stack:
ADIOI_CRAY_OPEN(83): File /pscratch/sd/y/yhzhang/ZCloud/DATA/MODEL/inprogress_ESTIMATE6.hdf5 does not exist')
OSError: Unable to create file (MPI_File_open failed: MPI error string is 'File does not exist, error stack:
ADIOI_CRAY_OPEN(83): File /pscratch/sd/y/yhzhang/ZCloud/DATA/MODEL/inprogress_ESTIMATE2.hdf5 does not exist')
OSError: Unable to create file (MPI_File_open failed: MPI error string is 'File does not exist, error stack:
ADIOI_CRAY_OPEN(83): File /pscratch/sd/y/yhzhang/ZCloud/DATA/MODEL/inprogress_ESTIMATE7.hdf5 does not exist')
OSError: Unable to create file (MPI_File_open failed: MPI error string is 'Other I/O error , error stack:
ADIO_CRAY_ADIO_OPEN(1675): open failed on a remote node')
OSError: Unable to create file (MPI_File_open failed: MPI error string is 'File does not exist, error stack:
ADIOI_CRAY_OPEN(83): File /pscratch/sd/y/yhzhang/ZCloud/DATA/MODEL/inprogress_ESTIMATE3.hdf5 does not exist')
OSError: Unable to create file (MPI_File_open failed: MPI error string is 'File does not exist, error stack:
ADIOI_CRAY_OPEN(83): File /pscratch/sd/y/yhzhang/ZCloud/DATA/MODEL/inprogress_ESTIMATE4.hdf5 does not exist')
OSError: Unable to create file (MPI_File_open failed: MPI error string is 'File does not exist, error stack:
ADIOI_CRAY_OPEN(83): File /pscratch/sd/y/yhzhang/ZCloud/DATA/MODEL/inprogress_ESTIMATE5.hdf5 does not exist')
    self._do_chunk_output(qp_dstn, start, end, first)
  File "/global/homes/y/yhzhang/.conda/envs/RAILConda/lib/python3.10/site-packages/rail/estimation/estimator.py", line 132, in _do_chunk_output
    self._output_handle.initialize_write(
  File "/global/homes/y/yhzhang/.conda/envs/RAILConda/lib/python3.10/site-packages/rail/core/data.py", line 122, in initialize_write
    self.groups, self.fileObj = self._initialize_write(
  File "/global/homes/y/yhzhang/.conda/envs/RAILConda/lib/python3.10/site-packages/rail/core/data.py", line 403, in _initialize_write
    return data.initializeHdf5Write(path, data_length, comm)
  File "/global/homes/y/yhzhang/.conda/envs/RAILConda/lib/python3.10/site-packages/qp/ensemble.py", line 659, in initializeHdf5Write
    group, fout = io.initializeHdf5Write(filename, comm=comm, **kwds)
  File "/global/homes/y/yhzhang/.conda/envs/RAILConda/lib/python3.10/site-packages/tables_io/ioUtils.py", line 192, in initializeHdf5Write
    outf = h5py.File(filepath, "w", driver="mpio", comm=comm)
  File "/global/homes/y/yhzhang/.conda/envs/RAILConda/lib/python3.10/site-packages/h5py/_hl/files.py", line 562, in __init__
    fid = make_fid(name, mode, userblock_size, fapl, fcpl, swmr=swmr)
  File "/global/homes/y/yhzhang/.conda/envs/RAILConda/lib/python3.10/site-packages/h5py/_hl/files.py", line 241, in make_fid
    fid = h5f.create(name, h5f.ACC_TRUNC, fapl=fapl, fcpl=fcpl)
  File "h5py/_objects.pyx", line 54, in h5py._objects.with_phil.wrapper
  File "h5py/_objects.pyx", line 55, in h5py._objects.with_phil.wrapper
  File "h5py/h5f.pyx", line 122, in h5py.h5f.create
OSError: Unable to create file (MPI_File_open failed: MPI error string is 'File does not exist, error stack:
ADIOI_CRAY_OPEN(83): File /pscratch/sd/y/yhzhang/ZCloud/DATA/MODEL/inprogress_ESTIMATE8.hdf5 does not exist')
srun: error: nid006920: tasks 1-2,4-7: Exited with exit code 1
srun: Terminating StepId=26483015.0
slurmstepd: error: *** STEP 26483015.0 ON nid006920 CANCELLED AT 2024-06-05T15:42:58 ***
srun: error: nid006920: tasks 0,3: Exited with exit code 1
